TN:
SF:/home/lezcano/Escritorio/angular adv/pruebas/src/polyfills.ts
FNF:0
FNH:0
LF:0
LH:0
BRF:0
BRH:0
end_of_record
TN:
SF:/home/lezcano/Escritorio/angular adv/pruebas/src/test.ts
FNF:0
FNH:0
DA:13,1
DA:18,1
DA:20,1
LF:3
LH:3
BRF:0
BRH:0
end_of_record
TN:
SF:/home/lezcano/Escritorio/angular adv/pruebas/src/app/app.component.ts
FN:3,(anonymous_0)
FNF:1
FNH:1
FNDA:3,(anonymous_0)
DA:8,1
DA:9,3
LF:2
LH:2
BRF:0
BRH:0
end_of_record
TN:
SF:/home/lezcano/Escritorio/angular adv/pruebas/src/app/avanzado/navbar/navbar.component.ts
FN:10,(anonymous_0)
FN:12,(anonymous_1)
FNF:2
FNH:2
FNDA:2,(anonymous_0)
FNDA:2,(anonymous_1)
DA:8,1
LF:1
LH:1
BRF:0
BRH:0
end_of_record
TN:
SF:/home/lezcano/Escritorio/angular adv/pruebas/src/app/avanzado/router-medico/router-medico.component.ts
FN:13,(anonymous_0)
FN:18,(anonymous_1)
FN:20,(anonymous_2)
FN:25,(anonymous_3)
FNF:4
FNH:4
FNDA:2,(anonymous_0)
FNDA:2,(anonymous_1)
FNDA:1,(anonymous_2)
FNDA:1,(anonymous_3)
DA:9,1
DA:14,2
DA:15,2
DA:19,2
DA:21,1
DA:26,1
LF:6
LH:6
BRF:0
BRH:0
end_of_record
TN:
SF:/home/lezcano/Escritorio/angular adv/pruebas/src/app/avanzado/rutas/app.routes.ts
FNF:0
FNH:0
DA:6,1
LF:1
LH:1
BRF:0
BRH:0
end_of_record
TN:
SF:/home/lezcano/Escritorio/angular adv/pruebas/src/app/basicas/booleanos/arreglos.ts
FN:2,obtenerRobots
FNF:1
FNH:1
FNDA:2,obtenerRobots
DA:3,2
LF:1
LH:1
BRF:0
BRH:0
end_of_record
TN:
SF:/home/lezcano/Escritorio/angular adv/pruebas/src/app/basicas/booleanos/boolean.ts
FN:1,usuarioIngresado
FNF:1
FNH:1
FNDA:1,usuarioIngresado
DA:2,1
LF:1
LH:1
BRF:0
BRH:0
end_of_record
TN:
SF:/home/lezcano/Escritorio/angular adv/pruebas/src/app/basicas/clases/clase.ts
FN:4,(anonymous_0)
FN:8,(anonymous_1)
FNF:2
FNH:2
FNDA:4,(anonymous_0)
FNDA:3,(anonymous_1)
DA:5,4
DA:9,3
DA:10,1
DA:12,2
DA:14,3
LF:5
LH:5
BRDA:9,0,0,1
BRDA:9,0,1,2
BRF:2
BRH:2
end_of_record
TN:
SF:/home/lezcano/Escritorio/angular adv/pruebas/src/app/basicas/numeros/numeros.ts
FN:1,incrementar
FNF:1
FNH:1
FNDA:2,incrementar
DA:2,2
DA:3,1
DA:5,1
LF:3
LH:3
BRDA:2,0,0,1
BRDA:2,0,1,1
BRF:2
BRH:2
end_of_record
TN:
SF:/home/lezcano/Escritorio/angular adv/pruebas/src/app/basicas/string/string.ts
FN:1,mensaje
FNF:1
FNH:1
FNDA:2,mensaje
DA:2,2
LF:1
LH:1
BRF:0
BRH:0
end_of_record
TN:
SF:/home/lezcano/Escritorio/angular adv/pruebas/src/app/intermedio/espias/medicos.component.ts
FN:18,(anonymous_0)
FN:20,(anonymous_1)
FN:22,(anonymous_2)
FN:25,(anonymous_3)
FN:30,(anonymous_4)
FN:31,(anonymous_5)
FN:35,(anonymous_6)
FNF:7
FNH:7
FNDA:6,(anonymous_0)
FNDA:1,(anonymous_1)
FNDA:1,(anonymous_2)
FNDA:3,(anonymous_3)
FNDA:1,(anonymous_4)
FNDA:1,(anonymous_5)
FNDA:2,(anonymous_6)
DA:13,1
DA:15,6
DA:18,6
DA:21,1
DA:22,1
DA:26,3
DA:28,3
DA:30,1
DA:31,1
DA:36,2
DA:38,2
DA:39,1
LF:12
LH:12
BRDA:38,0,0,1
BRDA:38,0,1,1
BRF:2
BRH:2
end_of_record
TN:
SF:/home/lezcano/Escritorio/angular adv/pruebas/src/app/intermedio/espias/medicos.service.ts
FN:9,(anonymous_0)
FN:11,(anonymous_1)
FN:13,(anonymous_2)
FN:16,(anonymous_3)
FN:18,(anonymous_4)
FN:21,(anonymous_5)
FN:23,(anonymous_6)
FNF:7
FNH:1
FNDA:1,(anonymous_0)
FNDA:0,(anonymous_1)
FNDA:0,(anonymous_2)
FNDA:0,(anonymous_3)
FNDA:0,(anonymous_4)
FNDA:0,(anonymous_5)
FNDA:0,(anonymous_6)
DA:7,1
DA:9,1
DA:12,0
DA:13,0
DA:17,0
DA:18,0
DA:22,0
DA:23,0
LF:8
LH:2
BRF:0
BRH:0
end_of_record
TN:
SF:/home/lezcano/Escritorio/angular adv/pruebas/src/app/intermedio/eventEmitter/jugador2.ts
FN:7,(anonymous_0)
FN:11,(anonymous_1)
FNF:2
FNH:2
FNDA:2,(anonymous_0)
FNDA:2,(anonymous_1)
DA:5,2
DA:8,2
DA:12,2
DA:13,1
DA:15,1
DA:17,2
LF:6
LH:6
BRDA:12,0,0,1
BRDA:12,0,1,1
BRF:2
BRH:2
end_of_record
TN:
SF:/home/lezcano/Escritorio/angular adv/pruebas/src/app/intermedio/formulario/formulario.ts
FN:7,(anonymous_0)
FNF:1
FNH:1
FNDA:2,(anonymous_0)
DA:8,2
LF:1
LH:1
BRF:0
BRH:0
end_of_record
TN:
SF:/home/lezcano/Escritorio/angular adv/pruebas/src/app/intermedio2/hospital/hospital.component.ts
FN:10,(anonymous_0)
FN:12,(anonymous_1)
FNF:2
FNH:2
FNDA:1,(anonymous_0)
FNDA:1,(anonymous_1)
DA:8,1
LF:1
LH:1
BRF:0
BRH:0
end_of_record
TN:
SF:/home/lezcano/Escritorio/angular adv/pruebas/src/app/intermedio2/incrementador/incrementador.component.ts
FN:19,(anonymous_0)
FN:21,(anonymous_1)
FN:23,(anonymous_2)
FN:39,(anonymous_3)
FNF:4
FNH:3
FNDA:3,(anonymous_0)
FNDA:2,(anonymous_1)
FNDA:0,(anonymous_2)
FNDA:4,(anonymous_3)
DA:8,1
DA:10,1
DA:13,3
DA:14,3
DA:17,3
DA:25,0
DA:26,0
DA:27,0
DA:28,0
DA:30,0
DA:33,0
DA:35,0
DA:41,4
DA:42,0
DA:43,0
DA:46,4
DA:47,0
DA:48,0
DA:51,4
DA:53,4
LF:20
LH:9
BRDA:25,0,0,0
BRDA:25,0,1,0
BRDA:27,1,0,0
BRDA:27,1,1,0
BRDA:41,2,0,0
BRDA:41,2,1,4
BRDA:41,3,0,4
BRDA:41,3,1,0
BRDA:46,4,0,0
BRDA:46,4,1,4
BRDA:46,5,0,4
BRDA:46,5,1,0
BRF:12
BRH:4
end_of_record
TN:
SF:/home/lezcano/Escritorio/angular adv/pruebas/src/app/intermedio2/medico/medico.component.ts
FN:13,(anonymous_0)
FN:15,(anonymous_1)
FN:18,(anonymous_2)
FN:22,(anonymous_3)
FN:25,(anonymous_4)
FNF:5
FNH:2
FNDA:2,(anonymous_0)
FNDA:0,(anonymous_1)
FNDA:1,(anonymous_2)
FNDA:0,(anonymous_3)
FNDA:0,(anonymous_4)
DA:9,1
DA:11,2
DA:13,2
DA:19,1
DA:24,0
DA:25,0
LF:6
LH:4
BRF:0
BRH:0
end_of_record
TN:
SF:/home/lezcano/Escritorio/angular adv/pruebas/src/app/intermedio2/medico/medico.service.ts
FN:9,(anonymous_0)
FN:12,(anonymous_1)
FNF:2
FNH:1
FNDA:2,(anonymous_0)
FNDA:0,(anonymous_1)
DA:7,1
DA:9,2
DA:13,0
LF:3
LH:2
BRF:0
BRH:0
end_of_record
